{
  "stats": {
    "suites": 1,
    "tests": 3,
    "passes": 0,
    "pending": 0,
    "failures": 3,
    "start": "2025-10-23T22:43:02.425Z",
    "end": "2025-10-23T22:46:30.356Z",
    "duration": 207931,
    "testsRegistered": 3,
    "passPercent": 0,
    "pendingPercent": 0,
    "other": 0,
    "hasOther": false,
    "skipped": 0,
    "hasSkipped": false
  },
  "results": [
    {
      "uuid": "1964fe44-f11d-4ad7-a33d-b5ff5ad5255f",
      "title": "",
      "fullFile": "cypress/e2e/motor-vehicle-stamp-duty.cy.js",
      "file": "cypress/e2e/motor-vehicle-stamp-duty.cy.js",
      "beforeHooks": [],
      "afterHooks": [],
      "tests": [],
      "suites": [
        {
          "uuid": "eacd2d3c-4f57-4b14-b7a9-7a1bb279803b",
          "title": "NSW Motor Vehicle Stamp Duty Calculator",
          "fullFile": "",
          "file": "",
          "beforeHooks": [],
          "afterHooks": [],
          "tests": [
            {
              "title": "should complete the motor vehicle stamp duty calculation flow",
              "fullTitle": "NSW Motor Vehicle Stamp Duty Calculator should complete the motor vehicle stamp duty calculation flow",
              "timedOut": null,
              "duration": 18621,
              "state": "failed",
              "speed": null,
              "pass": false,
              "fail": true,
              "pending": false,
              "context": null,
              "code": "// Step 1: Navigate to the motor vehicle stamp duty page\ncy.visit('/transaction/check-motor-vehicle-stamp-duty');\ncy.waitForPageLoad();\n// Verify we're on the correct page\ncy.url().should('include', 'check-motor-vehicle-stamp-duty');\ncy.get('body').should('be.visible');\n// Step 2: Click the \"Check online\" button\ncy.get('.cta__action > .button').should('be.visible').click();\n// Step 3: Verify redirect to calculator page\ncy.url().should('include', 'calculator');\ncy.get('body').should('be.visible');\n// Step 4: Select \"Yes\" for the vehicle question\ncy.get('input[value=\"Yes\"]').first().click();\n// Step 5: Enter a vehicle value of $25,000\ncy.get('#purchasePrice').clear().type('25000');\n// Step 6: Click the Calculate button\ncy.get('button:contains(\"Calculate\")').first().click();\n// Step 7: Verify calculation result appears\ncy.get('.result, .calculation-result, [data-testid=\"result\"]').should('be.visible');\n// Step 8: Verify popup window appears with calculation details\ncy.get('.modal, .popup, .dialog, [role=\"dialog\"], .modal-dialog').should('be.visible').and('contain.text', '25000').and('contain.text', '$');\n// Take screenshot for verification\ncy.screenshot('motor-vehicle-stamp-duty-calculation-complete');",
              "err": {
                "message": "AssertionError: Timed out retrying after 10000ms: Expected to find element: `input[value=\"Yes\"]`, but never found it.",
                "estack": "AssertionError: Timed out retrying after 10000ms: Expected to find element: `input[value=\"Yes\"]`, but never found it.\n    at Context.eval (webpack://nsw-service-cypress-bdd/./cypress/e2e/motor-vehicle-stamp-duty.cy.js:30:7)",
                "diff": null
              },
              "uuid": "f398290f-49cd-4625-9cc6-b38189b38c75",
              "parentUUID": "eacd2d3c-4f57-4b14-b7a9-7a1bb279803b",
              "isHook": false,
              "skipped": false
            },
            {
              "title": "should handle invalid vehicle value input",
              "fullTitle": "NSW Motor Vehicle Stamp Duty Calculator should handle invalid vehicle value input",
              "timedOut": null,
              "duration": 19271,
              "state": "failed",
              "speed": null,
              "pass": false,
              "fail": true,
              "pending": false,
              "context": null,
              "code": "// Navigate to calculator page\ncy.visit('/transaction/check-motor-vehicle-stamp-duty');\ncy.waitForPageLoad();\n// Click Check online button\ncy.get('.cta__action > .button').click();\n// Wait for calculator page\ncy.url().should('include', 'calculator');\n// Select Yes for vehicle question\ncy.get('input[value=\"Yes\"]').first().click();\n// Try to enter invalid value (negative number)\ncy.get('#purchasePrice').clear().type('-1000');\n// Click Calculate button\ncy.get('button:contains(\"Calculate\")').first().click();\n// Verify error message or validation\ncy.get('.error, .validation-error, .alert-danger, [role=\"alert\"]').should('be.visible');",
              "err": {
                "message": "AssertionError: Timed out retrying after 10000ms: Expected to find element: `input[value=\"Yes\"]`, but never found it.",
                "estack": "AssertionError: Timed out retrying after 10000ms: Expected to find element: `input[value=\"Yes\"]`, but never found it.\n    at Context.eval (webpack://nsw-service-cypress-bdd/./cypress/e2e/motor-vehicle-stamp-duty.cy.js:70:7)",
                "diff": null
              },
              "uuid": "950f5173-33f2-451a-b1a0-b16bb09d79fa",
              "parentUUID": "eacd2d3c-4f57-4b14-b7a9-7a1bb279803b",
              "isHook": false,
              "skipped": false
            },
            {
              "title": "should handle empty vehicle value input",
              "fullTitle": "NSW Motor Vehicle Stamp Duty Calculator should handle empty vehicle value input",
              "timedOut": null,
              "duration": 23774,
              "state": "failed",
              "speed": null,
              "pass": false,
              "fail": true,
              "pending": false,
              "context": null,
              "code": "// Navigate to calculator page\ncy.visit('/transaction/check-motor-vehicle-stamp-duty');\ncy.waitForPageLoad();\n// Click Check online button\ncy.get('.cta__action > .button').click();\n// Wait for calculator page\ncy.url().should('include', 'calculator');\n// Select Yes for vehicle question\ncy.get('input[value=\"Yes\"]').first().click();\n// Leave vehicle value empty\ncy.get('#purchasePrice').clear();\n// Click Calculate button\ncy.get('button:contains(\"Calculate\")').first().click();\n// Verify error message or validation\ncy.get('.error, .validation-error, .alert-danger, [role=\"alert\"]').should('be.visible');",
              "err": {
                "message": "AssertionError: Timed out retrying after 10000ms: Expected to find element: `input[value=\"Yes\"]`, but never found it.",
                "estack": "AssertionError: Timed out retrying after 10000ms: Expected to find element: `input[value=\"Yes\"]`, but never found it.\n    at Context.eval (webpack://nsw-service-cypress-bdd/./cypress/e2e/motor-vehicle-stamp-duty.cy.js:97:7)",
                "diff": null
              },
              "uuid": "038b7230-68c6-42ce-9249-742c785baaf4",
              "parentUUID": "eacd2d3c-4f57-4b14-b7a9-7a1bb279803b",
              "isHook": false,
              "skipped": false
            }
          ],
          "suites": [],
          "passes": [],
          "failures": [
            "f398290f-49cd-4625-9cc6-b38189b38c75",
            "950f5173-33f2-451a-b1a0-b16bb09d79fa",
            "038b7230-68c6-42ce-9249-742c785baaf4"
          ],
          "pending": [],
          "skipped": [],
          "duration": 61666,
          "root": false,
          "rootEmpty": false,
          "_timeout": 2000
        }
      ],
      "passes": [],
      "failures": [],
      "pending": [],
      "skipped": [],
      "duration": 0,
      "root": true,
      "rootEmpty": true,
      "_timeout": 2000
    }
  ],
  "meta": {
    "mocha": {
      "version": "7.0.1"
    },
    "mochawesome": {
      "options": {
        "quiet": false,
        "reportFilename": "mochawesome",
        "saveHtml": false,
        "saveJson": true,
        "consoleReporter": "spec",
        "useInlineDiffs": false,
        "code": true
      },
      "version": "7.1.4"
    },
    "marge": {
      "options": {
        "reportDir": "cypress/reports/.jsons",
        "overwrite": false,
        "html": false,
        "json": true,
        "timestamp": "mmddyyyy_HHMMss"
      },
      "version": "6.3.0"
    }
  }
}